<?xml version="1.0" encoding="UTF-8"?>
<!-- Generated by org.testng.reporters.JUnitReportReporter -->
<testsuite hostname="User" failures="0" tests="2" name="Package1.PracticeTest" time="0.006" errors="0" timestamp="2024-11-08T13:00:52 IST" skipped="0">
  <testcase classname="Package1.PracticeTest" name="Test3" time="0.006"/>
  <system-out/>
  <testcase classname="Package1.PracticeTest" name="Test4" time="0.000"/>
  <system-out/>
</testsuite> <!-- Package1.PracticeTest -->
