<?xml version="1.0" encoding="UTF-8"?>
<!-- Generated by org.testng.reporters.JUnitReportReporter -->
<testsuite hostname="User" failures="0" tests="2" name="Package1.NewclassTest" time="0.001" errors="0" timestamp="2024-11-08T13:00:52 IST" skipped="0">
  <testcase classname="Package1.NewclassTest" name="test1" time="0.001"/>
  <system-out/>
  <testcase classname="Package1.NewclassTest" name="test3" time="0.000"/>
  <system-out/>
</testsuite> <!-- Package1.NewclassTest -->
