<?xml version="1.0" encoding="UTF-8"?>
<!-- Generated by org.testng.reporters.JUnitReportReporter -->
<testsuite hostname="User" failures="0" tests="1" name="Package1.NewClass2Test" time="0.015" errors="0" timestamp="2024-11-08T12:25:40 IST" skipped="0">
  <testcase classname="Package1.NewClass2Test" name="test3" time="0.015"/>
  <system-out/>
</testsuite> <!-- Package1.NewClass2Test -->
