<?xml version="1.0" encoding="UTF-8"?>
<!-- Generated by org.testng.reporters.JUnitReportReporter -->
<testsuite hostname="User" failures="0" tests="3" name="com.CRM.ContactTest.TestScriptForCont" time="98.706" errors="0" timestamp="2024-11-08T12:38:11 IST" skipped="0">
  <testcase classname="com.CRM.ContactTest.TestScriptForCont" name="createContact" time="22.228"/>
  <system-out>
    <![CDATA[I--Test Execution Starts.....
I--Test Execution Success.....]]>
  </system-out>
  <testcase classname="com.CRM.ContactTest.TestScriptForCont" name="createContactWithDate" time="18.546"/>
  <system-out>
    <![CDATA[I--Test Execution Starts.....
I--Test Execution Success.....]]>
  </system-out>
  <testcase classname="com.CRM.ContactTest.TestScriptForCont" name="createContactWithOrgCredentials" time="57.932"/>
  <system-out>
    <![CDATA[I--Test Execution Starts.....
I--Test Execution Success.....]]>
  </system-out>
</testsuite> <!-- com.CRM.ContactTest.TestScriptForCont -->
