<?xml version="1.0" encoding="UTF-8"?>
<!-- Generated by org.testng.reporters.JUnitReportReporter -->
<testsuite hostname="User" failures="0" tests="3" name="com.CRM.ProductsTest.TestScriptForProducts" time="65.593" errors="0" timestamp="2024-11-08T12:38:11 IST" skipped="0">
  <testcase classname="com.CRM.ProductsTest.TestScriptForProducts" name="addProductWithCredentials" time="20.916"/>
  <system-out>
    <![CDATA[I--Test Execution Starts.....
I--Test Execution Success.....]]>
  </system-out>
  <testcase classname="com.CRM.ProductsTest.TestScriptForProducts" name="addProductWithDate" time="21.567"/>
  <system-out>
    <![CDATA[I--Test Execution Starts.....
I--Test Execution Success.....]]>
  </system-out>
  <testcase classname="com.CRM.ProductsTest.TestScriptForProducts" name="addProductName" time="23.110"/>
  <system-out>
    <![CDATA[I--Test Execution Starts.....
I--Test Execution Success.....]]>
  </system-out>
</testsuite> <!-- com.CRM.ProductsTest.TestScriptForProducts -->
