<?xml version="1.0" encoding="UTF-8"?>
<!-- Generated by org.testng.reporters.JUnitReportReporter -->
<testsuite hostname="User" failures="0" tests="3" name="com.CRM.LeadsTest.TestScriptForLeads" time="59.827" errors="0" timestamp="2024-11-08T12:38:10 IST" skipped="0">
  <testcase classname="com.CRM.LeadsTest.TestScriptForLeads" name="createLeadsWithCredenials" time="20.624"/>
  <system-out>
    <![CDATA[I--Test Execution Starts.....
I--Test Execution Success.....]]>
  </system-out>
  <testcase classname="com.CRM.LeadsTest.TestScriptForLeads" name="createLeads" time="19.581"/>
  <system-out>
    <![CDATA[I--Test Execution Starts.....
I--Test Execution Success.....]]>
  </system-out>
  <testcase classname="com.CRM.LeadsTest.TestScriptForLeads" name="createLeadsWithContact" time="19.622"/>
  <system-out>
    <![CDATA[I--Test Execution Starts.....
I--Test Execution Success.....]]>
  </system-out>
</testsuite> <!-- com.CRM.LeadsTest.TestScriptForLeads -->
