<?xml version="1.0" encoding="UTF-8"?>
<!-- Generated by org.testng.reporters.JUnitReportReporter -->
<testsuite hostname="User" failures="0" tests="2" name="LearnConfigAnnotationsWithBaseClass.TestScriptForOrg" time="20.326" errors="0" timestamp="2024-11-08T12:38:11 IST" skipped="0">
  <testcase classname="LearnConfigAnnotationsWithBaseClass.TestScriptForOrg" name="executeForCreatingOrgWithIndustry" time="10.021"/>
  <system-out>
    <![CDATA[I--Test Execution Starts.....
I--Test Execution Success.....]]>
  </system-out>
  <testcase classname="LearnConfigAnnotationsWithBaseClass.TestScriptForOrg" name="executeForCreatingOrg" time="10.305"/>
  <system-out>
    <![CDATA[I--Test Execution Starts.....
I--Test Execution Success.....]]>
  </system-out>
</testsuite> <!-- LearnConfigAnnotationsWithBaseClass.TestScriptForOrg -->
