<?xml version="1.0" encoding="UTF-8"?>
<!-- Generated by org.testng.reporters.JUnitReportReporter -->
<testsuite hostname="User" failures="0" tests="3" name="com.CRM.ServicesTest.TestScriptForServices" time="57.465" errors="0" timestamp="2024-11-08T12:38:11 IST" skipped="0">
  <testcase classname="com.CRM.ServicesTest.TestScriptForServices" name="addServicesWithCredentials" time="19.224"/>
  <system-out>
    <![CDATA[I--Test Execution Starts.....
Data is saved.....
I--Test Execution Success.....]]>
  </system-out>
  <testcase classname="com.CRM.ServicesTest.TestScriptForServices" name="addServiceswithDate" time="19.308"/>
  <system-out>
    <![CDATA[I--Test Execution Starts.....
Data is saved.....
I--Test Execution Success.....]]>
  </system-out>
  <testcase classname="com.CRM.ServicesTest.TestScriptForServices" name="addServiceName" time="18.933"/>
  <system-out>
    <![CDATA[I--Test Execution Starts.....
Data is saved.....
I--Test Execution Success.....]]>
  </system-out>
</testsuite> <!-- com.CRM.ServicesTest.TestScriptForServices -->
