<?xml version="1.0" encoding="UTF-8"?>
<!-- Generated by org.testng.reporters.JUnitReportReporter -->
<testsuite hostname="User" failures="0" tests="1" name="LearnTestNGScreenshots.TestNGScreenshot" time="3.282" errors="0" timestamp="2024-11-08T12:38:11 IST" skipped="0">
  <testcase classname="LearnTestNGScreenshots.TestNGScreenshot" name="amazonPage" time="3.282"/>
  <system-out>
    <![CDATA[I--Test Execution Starts.....
I--Test Execution Success.....]]>
  </system-out>
</testsuite> <!-- LearnTestNGScreenshots.TestNGScreenshot -->
